2024-07-03 16:58:16,246 - INFO - Starting the ZAP service...
2024-07-03 16:58:16,246 - INFO - Targets to scan: {'Acuforum1': {'name': 'acuforum1', 'url': 'http://testasp.vulnweb.com', 'has_auth': False}, 'Acuart1': {'name': 'acuart1', 'url': 'http://testphp.vulnweb.com', 'has_auth': False}}
2024-07-03 16:58:16,654 - INFO - Starting the ZAP service...
2024-07-03 16:58:16,654 - INFO - Targets to scan: {'Acuforum1': {'name': 'acuforum1', 'url': 'http://testasp.vulnweb.com', 'has_auth': False}, 'Acuart1': {'name': 'acuart1', 'url': 'http://testphp.vulnweb.com', 'has_auth': False}}
2024-07-03 16:58:17,152 - INFO - Starting the ZAP service...
2024-07-03 16:58:17,152 - INFO - Targets to scan: {'Acuforum1': {'name': 'acuforum1', 'url': 'http://testasp.vulnweb.com', 'has_auth': False}, 'Acuart1': {'name': 'acuart1', 'url': 'http://testphp.vulnweb.com', 'has_auth': False}}
2024-07-03 16:58:17,651 - INFO - Starting the ZAP service...
2024-07-03 16:58:17,651 - INFO - Targets to scan: {'Acuforum1': {'name': 'acuforum1', 'url': 'http://testasp.vulnweb.com', 'has_auth': False}, 'Acuart1': {'name': 'acuart1', 'url': 'http://testphp.vulnweb.com', 'has_auth': False}}
2024-07-03 16:58:18,151 - INFO - Starting the ZAP service...
2024-07-03 16:58:18,151 - INFO - Targets to scan: {'Acuforum1': {'name': 'acuforum1', 'url': 'http://testasp.vulnweb.com', 'has_auth': False}, 'Acuart1': {'name': 'acuart1', 'url': 'http://testphp.vulnweb.com', 'has_auth': False}}
2024-07-03 17:30:47,537 - INFO - Starting the ZAP service...
2024-07-03 17:30:47,538 - INFO - Targets to scan: {'Acuforum1': {'name': 'acuforum1', 'url': 'http://testasp.vulnweb.com', 'has_auth': False}, 'Acuart1': {'name': 'acuart1', 'url': 'http://testphp.vulnweb.com', 'has_auth': False}}
2024-07-03 17:30:47,551 - INFO - Instance 0 created to scan acuforum1
2024-07-03 17:30:54,656 - INFO - Connected to the instance 0
2024-07-03 17:30:54,684 - INFO - Automation Plan modified and ready!
2024-07-03 17:30:55,717 - INFO - Crawling the target acuforum1...
2024-07-03 17:35:56,557 - INFO - Active Scan to acuforum1 in progress: 42%
2024-07-03 17:40:56,986 - WARNING - SSL verification is off! This might have security implications while connecting to the server API.
2024-07-03 17:40:58,254 - INFO - Enviei um request para a API com os resultados do acuforum1!!!!!
2024-07-03 17:40:58,254 - INFO - Https Request with scan results of acuforum1 sent to the server API!
2024-07-03 17:40:58,258 - INFO - Instance from port 8090 stopped!
2024-07-03 17:40:58,334 - INFO - Instance 1 created to scan acuart1
2024-07-03 17:41:12,608 - INFO - Connected to the instance 1
2024-07-03 17:41:12,661 - INFO - Automation Plan modified and ready!
2024-07-03 17:41:13,521 - INFO - Crawling the target acuart1...
2024-07-03 17:46:13,863 - INFO - Active Scan to acuart1 in progress: 14%
2024-07-03 17:51:22,232 - INFO - Active Scan to acuart1 in progress: 38%
2024-07-03 17:56:22,412 - INFO - Active Scan to acuart1 in progress: 50%
2024-07-03 18:01:22,483 - INFO - Active Scan to acuart1 in progress: 93%
2024-07-03 18:06:22,867 - WARNING - SSL verification is off! This might have security implications while connecting to the server API.
2024-07-03 18:06:23,509 - INFO - Enviei um request para a API com os resultados do acuart1!!!!!
2024-07-03 18:06:23,510 - INFO - Https Request with scan results of acuart1 sent to the server API!
2024-07-03 18:06:23,510 - INFO - Instance from port 8091 stopped!
2024-07-03 18:06:23,511 - INFO - All targets were scanned. Finishing the service.
2024-07-03 20:43:19,863 - INFO - Starting the ZAP service...
2024-07-03 20:43:19,864 - INFO - Targets to scan: {'Acuforum1': {'name': 'acuforum1', 'url': 'http://testasp.vulnweb.com', 'has_auth': False}, 'Acuart1': {'name': 'acuart1', 'url': 'http://testphp.vulnweb.com', 'has_auth': False}}
2024-07-03 20:43:20,420 - INFO - Starting the ZAP service...
2024-07-03 20:43:20,420 - INFO - Targets to scan: {'Acuforum1': {'name': 'acuforum1', 'url': 'http://testasp.vulnweb.com', 'has_auth': False}, 'Acuart1': {'name': 'acuart1', 'url': 'http://testphp.vulnweb.com', 'has_auth': False}}
2024-07-03 20:43:20,920 - INFO - Starting the ZAP service...
2024-07-03 20:43:20,920 - INFO - Targets to scan: {'Acuforum1': {'name': 'acuforum1', 'url': 'http://testasp.vulnweb.com', 'has_auth': False}, 'Acuart1': {'name': 'acuart1', 'url': 'http://testphp.vulnweb.com', 'has_auth': False}}
2024-07-03 20:43:21,397 - INFO - Starting the ZAP service...
2024-07-03 20:43:21,397 - INFO - Targets to scan: {'Acuforum1': {'name': 'acuforum1', 'url': 'http://testasp.vulnweb.com', 'has_auth': False}, 'Acuart1': {'name': 'acuart1', 'url': 'http://testphp.vulnweb.com', 'has_auth': False}}
2024-07-03 20:43:21,905 - INFO - Starting the ZAP service...
2024-07-03 20:43:21,905 - INFO - Targets to scan: {'Acuforum1': {'name': 'acuforum1', 'url': 'http://testasp.vulnweb.com', 'has_auth': False}, 'Acuart1': {'name': 'acuart1', 'url': 'http://testphp.vulnweb.com', 'has_auth': False}}
2024-07-03 20:55:05,637 - INFO - Starting the ZAP service...
2024-07-03 20:55:05,638 - INFO - Targets to scan: {'Acuforum2': {'name': 'acuforum2', 'url': 'http://testasp.vulnweb.com', 'has_auth': False}, 'Acuart2': {'name': 'acuart2', 'url': 'http://testphp.vulnweb.com', 'has_auth': False}}
2024-07-03 20:55:06,170 - INFO - Starting the ZAP service...
2024-07-03 20:55:06,170 - INFO - Targets to scan: {'Acuforum2': {'name': 'acuforum2', 'url': 'http://testasp.vulnweb.com', 'has_auth': False}, 'Acuart2': {'name': 'acuart2', 'url': 'http://testphp.vulnweb.com', 'has_auth': False}}
2024-07-03 20:55:06,653 - INFO - Starting the ZAP service...
2024-07-03 20:55:06,654 - INFO - Targets to scan: {'Acuforum2': {'name': 'acuforum2', 'url': 'http://testasp.vulnweb.com', 'has_auth': False}, 'Acuart2': {'name': 'acuart2', 'url': 'http://testphp.vulnweb.com', 'has_auth': False}}
2024-07-03 20:55:07,161 - INFO - Starting the ZAP service...
2024-07-03 20:55:07,161 - INFO - Targets to scan: {'Acuforum2': {'name': 'acuforum2', 'url': 'http://testasp.vulnweb.com', 'has_auth': False}, 'Acuart2': {'name': 'acuart2', 'url': 'http://testphp.vulnweb.com', 'has_auth': False}}
2024-07-03 20:55:07,649 - INFO - Starting the ZAP service...
2024-07-03 20:55:07,650 - INFO - Targets to scan: {'Acuforum2': {'name': 'acuforum2', 'url': 'http://testasp.vulnweb.com', 'has_auth': False}, 'Acuart2': {'name': 'acuart2', 'url': 'http://testphp.vulnweb.com', 'has_auth': False}}
2024-07-03 20:59:17,095 - INFO - Starting the ZAP service...
2024-07-03 20:59:17,097 - INFO - Targets to scan: {'Acuforum2': {'name': 'acuforum2', 'url': 'http://testasp.vulnweb.com', 'has_auth': False}, 'Acuart2': {'name': 'acuart2', 'url': 'http://testphp.vulnweb.com', 'has_auth': False}}
2024-07-03 20:59:17,105 - INFO - Instance 0 created to scan acuforum2
2024-07-03 20:59:24,195 - INFO - Connected to the instance 0
2024-07-03 20:59:24,219 - INFO - Automation Plan modified and ready!
2024-07-03 20:59:24,983 - INFO - Crawling the target acuforum2...
2024-07-03 21:04:25,869 - INFO - Active Scan to acuforum2 in progress: 14%
2024-07-03 21:09:26,271 - INFO - Active Scan to acuforum2 in progress: 50%
2024-07-03 21:14:27,110 - WARNING - SSL verification is off! This might have security implications while connecting to the server API.
2024-07-03 21:14:28,629 - INFO - Enviei um request para a API com os resultados do acuforum2!!!!!
2024-07-03 21:14:28,629 - INFO - Https Request with scan results of acuforum2 sent to the server API!
2024-07-03 21:14:28,635 - INFO - Instance from port 8090 stopped!
2024-07-03 21:14:28,685 - INFO - Instance 1 created to scan acuart2
2024-07-03 21:14:36,956 - INFO - Connected to the instance 1
2024-07-03 21:14:37,039 - INFO - Automation Plan modified and ready!
2024-07-03 21:14:37,816 - INFO - Crawling the target acuart2...
2024-07-03 21:19:38,167 - INFO - Active Scan to acuart2 in progress: 26%
2024-07-03 21:24:38,444 - INFO - Active Scan to acuart2 in progress: 40%
2024-07-03 21:29:38,562 - INFO - Active Scan to acuart2 in progress: 65%
2024-07-03 21:34:39,827 - WARNING - SSL verification is off! This might have security implications while connecting to the server API.
2024-07-03 21:34:41,365 - INFO - Enviei um request para a API com os resultados do acuart2!!!!!
2024-07-03 21:34:41,365 - INFO - Https Request with scan results of acuart2 sent to the server API!
2024-07-03 21:34:41,366 - INFO - Instance from port 8091 stopped!
2024-07-03 21:34:41,366 - INFO - All targets were scanned. Finishing the service.
2024-07-03 22:27:07,948 - INFO - Starting the ZAP service...
2024-07-03 22:27:07,948 - INFO - Targets to scan: {'Acuforum3': {'name': 'acuforum3', 'url': 'http://testasp.vulnweb.com', 'has_auth': False}, 'Acuart3': {'name': 'acuart3', 'url': 'http://testphp.vulnweb.com', 'has_auth': False}}
2024-07-03 22:27:07,952 - INFO - Instance 0 created to scan acuforum3
2024-07-03 22:27:15,061 - INFO - Connected to the instance 0
2024-07-03 22:27:15,087 - INFO - Automation Plan modified and ready!
2024-07-03 22:27:15,894 - INFO - Crawling the target acuforum3...
2024-07-03 22:34:25,585 - INFO - Crawling the target acuforum3...
2024-07-04 09:36:38,298 - INFO - Starting the ZAP service...
2024-07-04 09:36:38,300 - INFO - Targets to scan: {'Acuforum3': {'name': 'acuforum3', 'url': 'http://testasp.vulnweb.com', 'has_auth': False}, 'Acuart3': {'name': 'acuart3', 'url': 'http://testphp.vulnweb.com', 'has_auth': False}}
2024-07-04 09:36:38,312 - INFO - Instance 0 created to scan acuforum3
2024-07-04 09:36:54,884 - INFO - Connected to the instance 0
2024-07-04 09:36:54,901 - INFO - Automation Plan modified and ready!
2024-07-04 09:36:56,224 - INFO - Crawling the target acuforum3...
2024-07-04 09:42:00,237 - INFO - Active Scan to acuforum3 in progress: 36%
2024-07-04 09:47:00,728 - INFO - Active Scan to acuforum3 in progress: 50%
2024-07-04 09:52:02,107 - WARNING - SSL verification is off! This might have security implications while connecting to the server API.
2024-07-04 09:52:04,267 - INFO - Enviei um request para a API com os resultados do acuforum3!!!!!
2024-07-04 09:52:04,267 - INFO - Https Request with scan results of acuforum3 sent to the server API!
2024-07-04 09:52:04,272 - INFO - Instance from port 8090 stopped!
2024-07-04 09:52:04,334 - INFO - Instance 1 created to scan acuart3
2024-07-04 09:52:14,774 - INFO - Connected to the instance 1
2024-07-04 09:52:14,884 - INFO - Automation Plan modified and ready!
2024-07-04 09:52:15,926 - INFO - Crawling the target acuart3...
2024-07-04 09:57:16,409 - INFO - Active Scan to acuart3 in progress: 27%
2024-07-04 10:02:18,357 - INFO - Active Scan to acuart3 in progress: 40%
2024-07-04 10:07:18,496 - INFO - Active Scan to acuart3 in progress: 61%
2024-07-04 10:12:19,996 - WARNING - SSL verification is off! This might have security implications while connecting to the server API.
2024-07-04 10:12:20,881 - INFO - Enviei um request para a API com os resultados do acuart3!!!!!
2024-07-04 10:12:20,882 - INFO - Https Request with scan results of acuart3 sent to the server API!
2024-07-04 10:12:20,885 - INFO - Instance from port 8091 stopped!
2024-07-04 10:12:20,885 - INFO - All targets were scanned. Finishing the service.
